Arguments: 
  /usr/local/bin/node /usr/share/yarn/bin/yarn.js add eslint

PATH: 
  /home/thomas/bin:/home/thomas/.local/bin:/usr/local/sbin:/usr/local/bin:/usr/sbin:/usr/bin:/sbin:/bin:/usr/games:/usr/local/games:/snap/bin

Yarn version: 
  1.6.0

Node version: 
  9.10.1

Platform: 
  linux x64

Trace: 
  SyntaxError: /home/thomas/Dev/Repos/anotreservice-front/package.json: Unexpected token } in JSON at position 375
      at JSON.parse (<anonymous>)
      at /usr/share/yarn/lib/cli.js:1130:59
      at Generator.next (<anonymous>)
      at step (/usr/share/yarn/lib/cli.js:98:30)
      at /usr/share/yarn/lib/cli.js:109:13
      at <anonymous>

npm manifest: 
  {
    "name": "front",
    "version": "1.0.0",
    "description": "",
    "main": "index.js",
    "scripts": {
      "test": "echo \"Error: no test specified\" && exit 1"
    },
  	"dependencies": {
  		"eslint-config-airbnb": "^17.1.0",
      "eslint-plugin-babel": "^5.2.1",
      "eslint-plugin-import": "^2.14.0",
      "eslint-plugin-jsx-a11y": "^6.1.2",
      "eslint-plugin-react": "^7.11.1",
  	},
    "author": "",
    "license": "ISC"
  }

yarn manifest: 
  No manifest

Lockfile: 
  No lockfile
